2020-05-25 03:15:06,144 INFO data_folder = /home/nallapar/workspace/ex1/seg_data/  
weights_init = /home/nallapar/workspace/ex1/epoch_1.pth  
output_root = results  
lr = 0.01  
bs = 32  
size = 256  
snapshot_freq = 1  
exp_suffix =   
exp_name = lr0.01_bs32_  
output_folder = results/dt_binseg/lr0.01_bs32_  
model_folder = results/dt_binseg/lr0.01_bs32_/models  
logs_folder = results/dt_binseg/lr0.01_bs32_/logs
2020-05-25 03:15:06,145 INFO train_data 15177
2020-05-25 03:15:06,145 INFO val_data 3000
2020-05-25 03:15:06,145 INFO Epoch 0
2020-05-25 03:18:42,342 INFO Loss: 0.33116614818573
2020-05-25 03:19:07,229 INFO ==> Saving  ... epoch0 loss0.324 miou0.321 
2020-05-25 03:19:08,488 INFO Epoch 1
2020-05-25 03:22:44,909 INFO Loss: 0.30026283860206604
2020-05-25 03:23:09,255 INFO ==> Saving  ... epoch1 loss0.321 miou0.378 
2020-05-25 03:23:10,565 INFO Epoch 2
2020-05-25 03:26:46,625 INFO Loss: 0.22736868262290955
2020-05-25 03:27:11,056 INFO ==> Saving  ... epoch2 loss0.312 miou0.385 
2020-05-25 03:27:12,283 INFO Epoch 3
2020-05-25 03:30:48,289 INFO Loss: 0.21493275463581085
2020-05-25 03:31:12,701 INFO Epoch 4
2020-05-25 03:34:48,862 INFO Loss: 0.189060240983963
2020-05-25 03:35:13,265 INFO Epoch 5
2020-05-25 03:38:49,635 INFO Loss: 0.21674291789531708
2020-05-25 03:39:14,159 INFO Epoch 6
2020-05-25 03:42:50,338 INFO Loss: 0.20435896515846252
2020-05-25 03:43:14,474 INFO ==> Saving  ... epoch6 loss0.295 miou0.400 
2020-05-25 03:43:15,707 INFO Epoch 7
2020-05-25 03:46:52,015 INFO Loss: 0.2329111248254776
2020-05-25 03:47:16,153 INFO Epoch 8
2020-05-25 03:50:52,238 INFO Loss: 0.23058176040649414
2020-05-25 03:51:16,416 INFO ==> Saving  ... epoch8 loss0.295 miou0.404 
2020-05-25 03:51:17,591 INFO Epoch 9
2020-05-25 03:54:53,701 INFO Loss: 0.20602640509605408
2020-05-25 03:55:17,895 INFO Epoch 10
2020-05-25 03:58:54,028 INFO Loss: 0.2193317860364914
2020-05-25 03:59:18,178 INFO Epoch 11
2020-05-25 04:02:54,184 INFO Loss: 0.19516368210315704
2020-05-25 04:03:18,343 INFO Epoch 12
2020-05-25 04:06:54,378 INFO Loss: 0.20224107801914215
2020-05-25 04:07:18,658 INFO Epoch 13
2020-05-25 04:10:54,809 INFO Loss: 0.14712707698345184
2020-05-25 04:11:19,034 INFO Epoch 14
2020-05-25 04:14:55,042 INFO Loss: 0.21243177354335785
2020-05-25 04:15:19,431 INFO Epoch 15
2020-05-25 04:18:55,480 INFO Loss: 0.17153403162956238
2020-05-25 04:19:19,898 INFO Epoch 16
2020-05-25 04:22:55,922 INFO Loss: 0.2000960111618042
2020-05-25 04:23:20,851 INFO Epoch 17
2020-05-25 04:26:56,942 INFO Loss: 0.18445545434951782
2020-05-25 04:27:21,366 INFO Epoch 18
2020-05-25 04:30:57,414 INFO Loss: 0.21272490918636322
2020-05-25 04:31:21,790 INFO ==> Saving  ... epoch18 loss0.295 miou0.404 
2020-05-25 04:31:22,985 INFO Epoch 19
2020-05-25 04:34:59,708 INFO Loss: 0.16553395986557007
2020-05-25 04:35:23,858 INFO ==> Saving  ... epoch19 loss0.292 miou0.409 
2020-05-25 04:35:24,999 INFO Epoch 20
2020-05-25 04:39:00,974 INFO Loss: 0.1585233509540558
2020-05-25 04:39:25,050 INFO ==> Saving  ... epoch20 loss0.298 miou0.413 
2020-05-25 04:39:26,239 INFO Epoch 21
2020-05-25 04:43:02,275 INFO Loss: 0.18567237257957458
2020-05-25 04:43:26,390 INFO Epoch 22
2020-05-25 04:47:02,384 INFO Loss: 0.14823558926582336
2020-05-25 04:47:26,545 INFO Epoch 23
2020-05-25 04:51:02,624 INFO Loss: 0.21076104044914246
2020-05-25 04:51:26,779 INFO Epoch 24
2020-05-25 04:55:02,747 INFO Loss: 0.16720016300678253
2020-05-25 04:55:26,921 INFO Epoch 25
2020-05-25 04:59:02,979 INFO Loss: 0.14477965235710144
2020-05-25 04:59:27,098 INFO Epoch 26
2020-05-25 05:03:03,192 INFO Loss: 0.11354319751262665
2020-05-25 05:03:27,612 INFO Epoch 27
2020-05-25 05:07:03,609 INFO Loss: 0.16626323759555817
2020-05-25 05:07:27,952 INFO ==> Saving  ... epoch27 loss0.298 miou0.429 
2020-05-25 05:07:29,103 INFO Epoch 28
2020-05-25 05:11:05,073 INFO Loss: 0.13042394816875458
2020-05-25 05:11:29,438 INFO Epoch 29
2020-05-25 05:15:05,566 INFO Loss: 0.16656209528446198
2020-05-25 05:15:29,910 INFO Epoch 30
2020-05-25 05:19:05,851 INFO Loss: 0.199920654296875
2020-05-25 05:19:29,973 INFO Epoch 31
2020-05-25 05:23:06,012 INFO Loss: 0.11837716400623322
2020-05-25 05:23:30,121 INFO Epoch 32
2020-05-25 05:27:06,177 INFO Loss: 0.16797803342342377
2020-05-25 05:27:30,292 INFO Epoch 33
2020-05-25 05:31:06,297 INFO Loss: 0.16926370561122894
2020-05-25 05:31:30,394 INFO Epoch 34
2020-05-25 05:35:06,373 INFO Loss: 0.11594254523515701
2020-05-25 05:35:30,510 INFO Epoch 35
2020-05-25 05:39:06,456 INFO Loss: 0.1545930951833725
2020-05-25 05:39:30,545 INFO Epoch 36
2020-05-25 05:43:06,569 INFO Loss: 0.14588630199432373
2020-05-25 05:43:30,653 INFO Epoch 37
2020-05-25 05:47:06,664 INFO Loss: 0.1546369194984436
2020-05-25 05:47:30,963 INFO Epoch 38
2020-05-25 05:51:06,897 INFO Loss: 0.11380566656589508
2020-05-25 05:51:31,322 INFO Epoch 39
2020-05-25 05:55:07,263 INFO Loss: 0.14123323559761047
2020-05-25 05:55:31,627 INFO Epoch 40
2020-05-25 05:59:07,613 INFO Loss: 0.1535000503063202
2020-05-25 05:59:31,981 INFO Epoch 41
2020-05-25 06:03:08,007 INFO Loss: 0.13901078701019287
2020-05-25 06:03:32,110 INFO Epoch 42
2020-05-25 06:07:08,105 INFO Loss: 0.13454945385456085
2020-05-25 06:07:32,239 INFO Epoch 43
2020-05-25 06:11:08,139 INFO Loss: 0.1712731271982193
2020-05-25 06:11:32,205 INFO Epoch 44
2020-05-25 06:15:08,057 INFO Loss: 0.1302492320537567
2020-05-25 06:15:32,157 INFO Epoch 45
2020-05-25 06:19:08,035 INFO Loss: 0.1489345133304596
2020-05-25 06:19:32,157 INFO Epoch 46
2020-05-25 06:23:08,156 INFO Loss: 0.15533903241157532
2020-05-25 06:23:32,286 INFO Epoch 47
2020-05-25 06:27:08,240 INFO Loss: 0.15389925241470337
2020-05-25 06:27:32,342 INFO Epoch 48
2020-05-25 06:31:08,238 INFO Loss: 0.11938553303480148
2020-05-25 06:31:32,699 INFO Epoch 49
2020-05-25 06:35:08,535 INFO Loss: 0.125286266207695
2020-05-25 06:35:32,926 INFO Epoch 50
2020-05-25 06:39:08,736 INFO Loss: 0.1390267014503479
2020-05-25 06:39:33,094 INFO Epoch 51
2020-05-25 06:43:09,140 INFO Loss: 0.12808892130851746
2020-05-25 06:43:33,566 INFO Epoch 52
2020-05-25 06:47:09,402 INFO Loss: 0.14973609149456024
2020-05-25 06:47:33,518 INFO Epoch 53
2020-05-25 06:51:09,421 INFO Loss: 0.1467951536178589
2020-05-25 06:51:33,540 INFO Epoch 54
2020-05-25 06:55:09,364 INFO Loss: 0.12741297483444214
2020-05-25 06:55:33,486 INFO Epoch 55
2020-05-25 06:59:09,478 INFO Loss: 0.12548550963401794
2020-05-25 06:59:33,633 INFO ==> Saving  ... epoch55 loss0.318 miou0.430 
2020-05-25 06:59:34,769 INFO Epoch 56
2020-05-25 07:03:10,606 INFO Loss: 0.1391594260931015
2020-05-25 07:03:34,613 INFO Epoch 57
2020-05-25 07:07:10,476 INFO Loss: 0.11657407879829407
2020-05-25 07:07:34,605 INFO Epoch 58
2020-05-25 07:11:10,471 INFO Loss: 0.1189083680510521
2020-05-25 07:11:34,607 INFO Epoch 59
2020-05-25 07:15:10,417 INFO Loss: 0.12505628168582916
2020-05-25 07:15:34,815 INFO Epoch 60
2020-05-25 07:19:10,669 INFO Loss: 0.14327749609947205
2020-05-25 07:19:35,090 INFO Epoch 61
2020-05-25 07:23:10,999 INFO Loss: 0.12014501541852951
2020-05-25 07:23:35,348 INFO Epoch 62
2020-05-25 07:27:11,359 INFO Loss: 0.16155649721622467
2020-05-25 07:27:35,707 INFO Epoch 63
2020-05-25 07:31:11,623 INFO Loss: 0.12372685223817825
2020-05-25 07:31:35,742 INFO Epoch 64
2020-05-25 07:35:11,588 INFO Loss: 0.14068447053432465
2020-05-25 07:35:35,701 INFO Epoch 65
2020-05-25 07:39:11,601 INFO Loss: 0.15150916576385498
2020-05-25 07:39:35,874 INFO ==> Saving  ... epoch65 loss0.322 miou0.437 
2020-05-25 07:39:37,067 INFO Epoch 66
2020-05-25 07:43:13,007 INFO Loss: 0.11571802943944931
2020-05-25 07:43:37,092 INFO Epoch 67
2020-05-25 07:47:13,054 INFO Loss: 0.10822074115276337
2020-05-25 07:47:37,268 INFO Epoch 68
2020-05-25 07:51:13,196 INFO Loss: 0.11300774663686752
2020-05-25 07:51:37,324 INFO Epoch 69
2020-05-25 07:55:13,250 INFO Loss: 0.1163673922419548
2020-05-25 07:55:37,343 INFO Epoch 70
2020-05-25 07:59:13,299 INFO Loss: 0.14341025054454803
2020-05-25 07:59:37,811 INFO Epoch 71
2020-05-25 08:03:13,667 INFO Loss: 0.09621737152338028
2020-05-25 08:03:38,079 INFO Epoch 72
2020-05-25 08:07:13,876 INFO Loss: 0.1610465794801712
2020-05-25 08:07:38,402 INFO Epoch 73
2020-05-25 08:11:14,222 INFO Loss: 0.10144931077957153
2020-05-25 08:11:38,645 INFO Epoch 74
2020-05-25 08:15:14,573 INFO Loss: 0.14785684645175934
2020-05-25 08:15:38,673 INFO Epoch 75
2020-05-25 08:19:14,896 INFO Loss: 0.14697997272014618
2020-05-25 08:19:39,013 INFO Epoch 76
2020-05-25 08:23:14,891 INFO Loss: 0.1375219225883484
2020-05-25 08:23:38,997 INFO Epoch 77
2020-05-25 08:27:14,911 INFO Loss: 0.13628019392490387
2020-05-25 08:27:39,013 INFO Epoch 78
2020-05-25 08:31:14,823 INFO Loss: 0.12562128901481628
2020-05-25 08:31:38,924 INFO Epoch 79
2020-05-25 08:35:14,816 INFO Loss: 0.11517177522182465
2020-05-25 08:35:38,955 INFO Epoch 80
2020-05-25 08:39:14,880 INFO Loss: 0.1390085518360138
2020-05-25 08:39:39,018 INFO Epoch 81
2020-05-25 08:43:14,964 INFO Loss: 0.10668016225099564
2020-05-25 08:43:39,225 INFO Epoch 82
2020-05-25 08:47:15,101 INFO Loss: 0.12592509388923645
2020-05-25 08:47:39,375 INFO Epoch 83
2020-05-25 08:51:15,210 INFO Loss: 0.12783460319042206
2020-05-25 08:51:39,412 INFO Epoch 84
2020-05-25 08:55:15,180 INFO Loss: 0.12703828513622284
2020-05-25 08:55:39,464 INFO Epoch 85
2020-05-25 08:59:15,350 INFO Loss: 0.156121626496315
2020-05-25 08:59:39,377 INFO ==> Saving  ... epoch85 loss0.334 miou0.440 
2020-05-25 08:59:40,633 INFO Epoch 86
2020-05-25 09:03:16,576 INFO Loss: 0.12740929424762726
2020-05-25 09:03:40,698 INFO Epoch 87
2020-05-25 09:07:16,510 INFO Loss: 0.11469398438930511
2020-05-25 09:07:40,644 INFO Epoch 88
2020-05-25 09:11:16,417 INFO Loss: 0.13047797977924347
2020-05-25 09:11:40,555 INFO Epoch 89
2020-05-25 09:15:16,437 INFO Loss: 0.11617321521043777
2020-05-25 09:15:40,609 INFO Epoch 90
2020-05-25 09:19:16,574 INFO Loss: 0.10647585242986679
2020-05-25 09:19:40,822 INFO Epoch 91
2020-05-25 09:23:16,606 INFO Loss: 0.10212087631225586
2020-05-25 09:23:40,845 INFO Epoch 92
2020-05-25 09:27:16,722 INFO Loss: 0.08731721341609955
2020-05-25 09:27:41,173 INFO Epoch 93
2020-05-25 09:31:16,996 INFO Loss: 0.15740005671977997
2020-05-25 09:31:41,356 INFO Epoch 94
2020-05-25 09:35:17,279 INFO Loss: 0.18824298679828644
2020-05-25 09:35:41,675 INFO Epoch 95
2020-05-25 09:39:17,458 INFO Loss: 0.12215426564216614
2020-05-25 09:39:41,965 INFO Epoch 96
2020-05-25 09:43:17,832 INFO Loss: 0.10241212695837021
2020-05-25 09:43:41,929 INFO Epoch 97
2020-05-25 09:47:18,334 INFO Loss: 0.1043577492237091
2020-05-25 09:47:42,482 INFO Epoch 98
2020-05-25 09:51:18,327 INFO Loss: 0.1111716479063034
2020-05-25 09:51:42,467 INFO Epoch 99
2020-05-25 09:55:18,378 INFO Loss: 0.11210545897483826
