2020-05-25 20:10:29,168 INFO data_folder = /home/nallapar/workspace/ex1/seg_data/  
weights_init = /home/nallapar/workspace/ex1/bin seg best model.pth  
output_root = results  
lr = 0.001  
bs = 32  
size = 256  
snapshot_freq = 1  
exp_suffix =   
exp_name = lr0.001_bs32_  
output_folder = results/dt_multseg/lr0.001_bs32_  
model_folder = results/dt_multseg/lr0.001_bs32_/models  
logs_folder = results/dt_multseg/lr0.001_bs32_/logs
2020-05-25 20:10:29,169 INFO train_data 15177
2020-05-25 20:10:29,169 INFO val_data 3000
2020-05-25 20:10:29,169 INFO Epoch 0
2020-05-25 20:17:06,178 INFO Loss: 0.3909190893173218
2020-05-25 20:18:39,675 INFO ==> Saving  ... epoch0 loss0.407 miou0.109 
2020-05-25 20:18:40,987 INFO Epoch 1
2020-05-25 20:25:10,967 INFO Loss: 0.4152269959449768
2020-05-25 20:26:43,744 INFO Epoch 2
2020-05-25 20:33:14,034 INFO Loss: 0.3738069236278534
2020-05-25 20:34:46,213 INFO Epoch 3
2020-05-25 20:41:16,706 INFO Loss: 0.32881173491477966
2020-05-25 20:42:48,787 INFO Epoch 4
2020-05-25 20:49:18,248 INFO Loss: 0.4079890847206116
2020-05-25 20:50:50,470 INFO Epoch 5
2020-05-25 20:57:41,176 INFO Loss: 0.3597865700721741
2020-05-25 20:58:45,122 INFO Epoch 6
2020-05-25 21:06:01,720 INFO Loss: 0.34011897444725037
2020-05-25 21:06:49,529 INFO Epoch 7
2020-05-25 21:14:04,431 INFO Loss: 0.4985906481742859
2020-05-25 21:15:11,005 INFO Epoch 8
2020-05-25 21:22:01,374 INFO Loss: 0.4460390508174896
2020-05-25 21:23:33,548 INFO ==> Saving  ... epoch8 loss0.383 miou0.121 
2020-05-25 21:23:35,217 INFO Epoch 9
2020-05-25 21:30:07,542 INFO Loss: 0.4086260497570038
2020-05-25 21:32:03,559 INFO Epoch 10
2020-05-25 21:38:34,980 INFO Loss: 0.33724141120910645
2020-05-25 21:40:08,376 INFO Epoch 11
2020-05-25 21:46:38,586 INFO Loss: 0.4340951442718506
2020-05-25 21:48:11,502 INFO Epoch 12
2020-05-25 21:54:41,481 INFO Loss: 0.3071315586566925
2020-05-25 21:56:14,216 INFO Epoch 13
2020-05-25 22:02:49,735 INFO Loss: 0.36056071519851685
2020-05-25 22:04:14,083 INFO ==> Saving  ... epoch13 loss0.382 miou0.121 
2020-05-25 22:04:15,864 INFO Epoch 14
2020-05-25 22:11:12,953 INFO Loss: 0.39883458614349365
2020-05-25 22:12:09,375 INFO ==> Saving  ... epoch14 loss0.378 miou0.130 
2020-05-25 22:12:10,551 INFO Epoch 15
2020-05-25 22:18:09,244 INFO Loss: 0.4842938184738159
2020-05-25 22:19:43,742 INFO Epoch 16
2020-05-25 22:26:55,665 INFO Loss: 0.30426064133644104
2020-05-25 22:27:53,886 INFO Epoch 17
2020-05-25 22:32:45,960 INFO Loss: 0.4408295750617981
2020-05-25 22:34:19,690 INFO ==> Saving  ... epoch17 loss0.379 miou0.135 
2020-05-25 22:34:20,785 INFO Epoch 18
2020-05-25 22:41:26,874 INFO Loss: 0.43923330307006836
2020-05-25 22:41:55,508 INFO Epoch 19
2020-05-25 22:45:34,280 INFO Loss: 0.45878079533576965
2020-05-25 22:46:28,890 INFO Epoch 20
2020-05-25 22:50:12,217 INFO Loss: 0.30912625789642334
2020-05-25 22:50:40,331 INFO ==> Saving  ... epoch20 loss0.380 miou0.139 
2020-05-25 22:50:41,626 INFO Epoch 21
2020-05-25 22:54:58,336 INFO Loss: 0.36457833647727966
2020-05-25 22:55:24,182 INFO Epoch 22
2020-05-25 22:59:16,727 INFO Loss: 0.3176775574684143
2020-05-25 22:59:43,452 INFO ==> Saving  ... epoch22 loss0.377 miou0.144 
2020-05-25 22:59:44,744 INFO Epoch 23
2020-05-25 23:03:23,241 INFO Loss: 0.3778117895126343
2020-05-25 23:03:50,265 INFO ==> Saving  ... epoch23 loss0.373 miou0.151 
2020-05-25 23:03:51,424 INFO Epoch 24
2020-05-25 23:07:57,515 INFO Loss: 0.3478167653083801
2020-05-25 23:08:24,871 INFO Epoch 25
2020-05-25 23:12:27,367 INFO Loss: 0.3243240416049957
2020-05-25 23:12:54,722 INFO Epoch 26
2020-05-25 23:16:34,371 INFO Loss: 0.2759990990161896
2020-05-25 23:17:02,365 INFO Epoch 27
2020-05-25 23:20:41,043 INFO Loss: 0.29399049282073975
2020-05-25 23:21:09,454 INFO ==> Saving  ... epoch27 loss0.377 miou0.151 
2020-05-25 23:21:10,661 INFO Epoch 28
2020-05-25 23:24:57,858 INFO Loss: 0.3798730969429016
2020-05-25 23:25:24,713 INFO Epoch 29
2020-05-25 23:31:38,775 INFO Loss: 0.3618013262748718
2020-05-25 23:33:33,523 INFO Epoch 30
2020-05-25 23:40:22,618 INFO Loss: 0.3788588047027588
2020-05-25 23:41:55,650 INFO ==> Saving  ... epoch30 loss0.373 miou0.152 
2020-05-25 23:41:57,148 INFO Epoch 31
2020-05-25 23:48:27,461 INFO Loss: 0.2939603328704834
2020-05-25 23:49:59,930 INFO ==> Saving  ... epoch31 loss0.374 miou0.173 
2020-05-25 23:50:01,096 INFO Epoch 32
2020-05-25 23:56:47,970 INFO Loss: 0.2950156033039093
2020-05-25 23:58:21,291 INFO Epoch 33
2020-05-26 00:04:51,038 INFO Loss: 0.2717447876930237
2020-05-26 00:06:23,910 INFO Epoch 34
2020-05-26 00:13:37,144 INFO Loss: 0.30337879061698914
2020-05-26 00:14:53,033 INFO Epoch 35
2020-05-26 00:22:19,095 INFO Loss: 0.3061645030975342
2020-05-26 00:23:08,371 INFO Epoch 36
2020-05-26 00:30:28,905 INFO Loss: 0.3426693379878998
2020-05-26 00:31:30,375 INFO Epoch 37
2020-05-26 00:38:22,364 INFO Loss: 0.4125308692455292
2020-05-26 00:39:54,737 INFO Epoch 38
2020-05-26 00:46:25,212 INFO Loss: 0.30114009976387024
2020-05-26 00:47:57,636 INFO Epoch 39
2020-05-26 00:54:28,727 INFO Loss: 0.31721341609954834
2020-05-26 00:56:01,333 INFO Epoch 40
2020-05-26 01:02:28,413 INFO Loss: 0.37852394580841064
2020-05-26 01:04:04,862 INFO Epoch 41
2020-05-26 01:10:40,354 INFO Loss: 0.3291516602039337
2020-05-26 01:11:56,724 INFO Epoch 42
2020-05-26 01:15:47,641 INFO Loss: 0.30359408259391785
2020-05-26 01:16:13,935 INFO Epoch 43
2020-05-26 01:19:52,439 INFO Loss: 0.39465489983558655
2020-05-26 01:20:17,843 INFO Epoch 44
2020-05-26 01:25:30,020 INFO Loss: 0.38144853711128235
2020-05-26 01:27:02,102 INFO Epoch 45
2020-05-26 01:33:32,828 INFO Loss: 0.3014160692691803
2020-05-26 01:34:02,209 INFO Epoch 46
2020-05-26 01:39:05,537 INFO Loss: 0.4100724160671234
2020-05-26 01:40:36,057 INFO Epoch 47
2020-05-26 01:47:25,825 INFO Loss: 0.31782710552215576
2020-05-26 01:47:52,317 INFO Epoch 48
2020-05-26 01:51:31,537 INFO Loss: 0.34683531522750854
2020-05-26 01:51:57,283 INFO Epoch 49
2020-05-26 01:55:39,086 INFO Loss: 0.2886744439601898
2020-05-26 01:56:04,628 INFO Epoch 50
2020-05-26 01:59:54,147 INFO Loss: 0.37156975269317627
2020-05-26 02:00:19,719 INFO Epoch 51
2020-05-26 02:03:58,522 INFO Loss: 0.31633397936820984
2020-05-26 02:04:24,168 INFO Epoch 52
2020-05-26 02:08:07,631 INFO Loss: 0.3528241813182831
2020-05-26 02:08:33,494 INFO ==> Saving  ... epoch52 loss0.370 miou0.183 
2020-05-26 02:08:35,352 INFO Epoch 53
2020-05-26 02:12:14,264 INFO Loss: 0.29557090997695923
2020-05-26 02:12:39,669 INFO ==> Saving  ... epoch53 loss0.367 miou0.186 
2020-05-26 02:12:40,793 INFO Epoch 54
2020-05-26 02:16:28,330 INFO Loss: 0.2877069413661957
2020-05-26 02:16:55,323 INFO Epoch 55
2020-05-26 02:20:34,203 INFO Loss: 0.3082355260848999
2020-05-26 02:21:00,673 INFO Epoch 56
2020-05-26 02:24:47,559 INFO Loss: 0.5271111130714417
2020-05-26 02:25:15,790 INFO Epoch 57
2020-05-26 02:28:54,901 INFO Loss: 0.38457801938056946
2020-05-26 02:29:21,777 INFO Epoch 58
2020-05-26 02:33:21,481 INFO Loss: 0.33427661657333374
2020-05-26 02:33:48,654 INFO Epoch 59
2020-05-26 02:37:27,649 INFO Loss: 0.3039036989212036
2020-05-26 02:37:53,955 INFO Epoch 60
2020-05-26 02:41:32,806 INFO Loss: 0.38832440972328186
2020-05-26 02:41:58,877 INFO Epoch 61
2020-05-26 02:45:37,741 INFO Loss: 0.2891436517238617
2020-05-26 02:46:03,352 INFO Epoch 62
2020-05-26 02:49:42,210 INFO Loss: 0.45311546325683594
2020-05-26 02:50:08,625 INFO Epoch 63
2020-05-26 02:53:47,421 INFO Loss: 0.30739566683769226
2020-05-26 02:54:13,494 INFO Epoch 64
2020-05-26 02:57:52,290 INFO Loss: 0.3143576383590698
2020-05-26 02:58:17,907 INFO Epoch 65
2020-05-26 03:02:08,454 INFO Loss: 0.28293007612228394
2020-05-26 03:02:34,629 INFO Epoch 66
2020-05-26 03:06:13,417 INFO Loss: 0.3902464807033539
2020-05-26 03:06:39,670 INFO Epoch 67
2020-05-26 03:10:18,552 INFO Loss: 0.3098715543746948
2020-05-26 03:10:44,089 INFO Epoch 68
2020-05-26 03:14:23,030 INFO Loss: 0.49844568967819214
2020-05-26 03:14:48,450 INFO Epoch 69
2020-05-26 03:18:27,413 INFO Loss: 0.32132935523986816
2020-05-26 03:18:52,853 INFO ==> Saving  ... epoch69 loss0.370 miou0.188 
2020-05-26 03:18:54,070 INFO Epoch 70
2020-05-26 03:22:32,909 INFO Loss: 0.4529080390930176
2020-05-26 03:22:58,306 INFO Epoch 71
2020-05-26 03:27:52,195 INFO Loss: 0.35697999596595764
2020-05-26 03:29:29,561 INFO Epoch 72
2020-05-26 03:36:07,279 INFO Loss: 0.37835898995399475
2020-05-26 03:37:40,073 INFO Epoch 73
2020-05-26 03:44:12,813 INFO Loss: 0.3696031868457794
2020-05-26 03:45:47,922 INFO Epoch 74
2020-05-26 03:52:36,600 INFO Loss: 0.2910957634449005
2020-05-26 03:54:08,355 INFO Epoch 75
2020-05-26 04:00:37,821 INFO Loss: 0.30656298995018005
2020-05-26 04:02:08,823 INFO Epoch 76
2020-05-26 04:08:37,300 INFO Loss: 0.29097145795822144
2020-05-26 04:10:08,592 INFO Epoch 77
2020-05-26 04:16:36,571 INFO Loss: 0.3788539171218872
2020-05-26 04:18:10,959 INFO Epoch 78
2020-05-26 04:24:57,918 INFO Loss: 0.28842633962631226
2020-05-26 04:25:59,492 INFO ==> Saving  ... epoch78 loss0.368 miou0.199 
2020-05-26 04:26:01,197 INFO Epoch 79
2020-05-26 04:33:12,455 INFO Loss: 0.3385331630706787
2020-05-26 04:33:59,836 INFO Epoch 80
2020-05-26 04:40:57,432 INFO Loss: 0.2858833074569702
2020-05-26 04:42:16,187 INFO Epoch 81
2020-05-26 04:48:50,942 INFO Loss: 0.4228953719139099
2020-05-26 04:50:22,079 INFO Epoch 82
2020-05-26 04:56:51,994 INFO Loss: 0.3803894519805908
2020-05-26 04:58:24,821 INFO Epoch 83
2020-05-26 05:04:55,218 INFO Loss: 0.30959421396255493
2020-05-26 05:06:26,452 INFO Epoch 84
2020-05-26 05:12:56,673 INFO Loss: 0.28287285566329956
2020-05-26 05:14:26,777 INFO Epoch 85
2020-05-26 05:20:55,991 INFO Loss: 0.28393152356147766
2020-05-26 05:22:27,006 INFO Epoch 86
2020-05-26 05:29:14,460 INFO Loss: 0.3347773551940918
2020-05-26 05:30:14,739 INFO Epoch 87
2020-05-26 05:37:28,393 INFO Loss: 0.3772888481616974
2020-05-26 05:38:15,955 INFO Epoch 88
2020-05-26 05:45:13,625 INFO Loss: 0.352664977312088
2020-05-26 05:46:33,146 INFO Epoch 89
2020-05-26 05:53:10,623 INFO Loss: 0.33381015062332153
2020-05-26 05:54:40,486 INFO Epoch 90
2020-05-26 06:01:09,372 INFO Loss: 0.3166801333427429
2020-05-26 06:02:39,213 INFO Epoch 91
2020-05-26 06:09:09,528 INFO Loss: 0.36583229899406433
2020-05-26 06:10:39,273 INFO ==> Saving  ... epoch91 loss0.366 miou0.215 
2020-05-26 06:10:40,819 INFO Epoch 92
2020-05-26 06:17:10,175 INFO Loss: 0.2893455922603607
2020-05-26 06:18:39,902 INFO Epoch 93
2020-05-26 06:25:10,442 INFO Loss: 0.3606855571269989
2020-05-26 06:26:40,403 INFO Epoch 94
2020-05-26 06:33:29,794 INFO Loss: 0.3264630138874054
2020-05-26 06:34:27,791 INFO Epoch 95
2020-05-26 06:41:42,697 INFO Loss: 0.42957690358161926
2020-05-26 06:42:29,939 INFO Epoch 96
2020-05-26 06:49:24,353 INFO Loss: 0.4026249945163727
2020-05-26 06:50:47,428 INFO Epoch 97
2020-05-26 06:57:22,665 INFO Loss: 0.309083491563797
2020-05-26 06:58:52,292 INFO Epoch 98
2020-05-26 07:05:21,319 INFO Loss: 0.3165658414363861
2020-05-26 07:06:51,035 INFO Epoch 99
2020-05-26 07:13:21,471 INFO Loss: 0.3048292398452759
