2020-05-26 07:03:57,290 INFO Loading weights from /home/nallapar/workspace/ex1/ckpt_epoch91_loss0.366_miou0.215.pth
2020-05-26 07:03:57,322 INFO Weights ignored from loaded model: decoder.last_conv.6.weight  decoder.last_conv.6.bias
2020-05-26 07:03:57,322 INFO Weights ignored from training model: class_encoder.weight  class_encoder.bias  attention_enc.attention_layer.U.weight  attention_enc.attention_layer.U.bias  attention_enc.attention_layer.W.weight  attention_enc.attention_layer.W.bias  attention_enc.attention_layer.v.weight  attention_enc.attention_layer.v.bias  decoder.last_conv.6.weight  decoder.last_conv.6.bias
2020-05-26 07:03:57,343 INFO Done loading pretrained weights
2020-05-26 07:03:58,739 INFO data_folder = /home/nallapar/workspace/ex1/seg_data/  
pretrained_model_path = /home/nallapar/workspace/ex1/ckpt_epoch91_loss0.366_miou0.215.pth  
output_root = results  
lr = 0.0001  
bs = 32  
att = additive  
size = 256  
snapshot_freq = 5  
exp_suffix =   
exp_name = lr0.0001_bs32_attadditive  
output_folder = results/dt_attseg/lr0.0001_bs32_attadditive  
model_folder = results/dt_attseg/lr0.0001_bs32_attadditive/models  
logs_folder = results/dt_attseg/lr0.0001_bs32_attadditive/logs
2020-05-26 07:03:58,739 INFO train_data 15177
2020-05-26 07:03:58,740 INFO val_data 3000
2020-05-26 07:03:58,740 INFO Epoch 0
2020-05-26 07:03:58,740 INFO Training
2020-05-26 07:08:05,209 INFO batch time: 0.52 total time: 246.47
2020-05-26 07:08:05,210 INFO Validating Epoch 0
2020-05-26 07:09:57,269 INFO Epoch 0 Avg loss = 0.1581 mIoU = 0.0000 Time 112.06
2020-05-26 07:09:58,177 INFO Epoch 1
2020-05-26 07:09:58,177 INFO Training
2020-05-26 07:14:06,117 INFO batch time: 0.52 total time: 247.94
2020-05-26 07:14:06,117 INFO Validating Epoch 1
2020-05-26 07:15:58,332 INFO Epoch 1 Avg loss = 0.1504 mIoU = 0.0000 Time 112.21
2020-05-26 07:15:59,182 INFO Epoch 2
2020-05-26 07:15:59,182 INFO Training
2020-05-26 07:20:07,256 INFO batch time: 0.52 total time: 248.07
2020-05-26 07:20:07,257 INFO Validating Epoch 2
2020-05-26 07:21:59,257 INFO Epoch 2 Avg loss = 0.1481 mIoU = 0.0000 Time 112.00
2020-05-26 07:22:00,199 INFO Epoch 3
2020-05-26 07:22:00,199 INFO Training
2020-05-26 07:26:07,422 INFO batch time: 0.52 total time: 247.22
2020-05-26 07:26:07,422 INFO Validating Epoch 3
2020-05-26 07:27:59,443 INFO Epoch 3 Avg loss = 0.1467 mIoU = 0.0000 Time 112.02
2020-05-26 07:28:00,498 INFO Epoch 4
2020-05-26 07:28:00,498 INFO Training
