2020-05-26 07:34:04,766 INFO Loading weights from /home/nallapar/workspace/ex1/ckpt_epoch91_loss0.366_miou0.215.pth
2020-05-26 07:34:04,796 INFO Weights ignored from loaded model: decoder.last_conv.6.weight  decoder.last_conv.6.bias
2020-05-26 07:34:04,797 INFO Weights ignored from training model: class_encoder.weight  class_encoder.bias  attention_enc.attention_layer.U.weight  attention_enc.attention_layer.U.bias  attention_enc.attention_layer.W.weight  attention_enc.attention_layer.W.bias  attention_enc.attention_layer.v.weight  attention_enc.attention_layer.v.bias  decoder.last_conv.6.weight  decoder.last_conv.6.bias
2020-05-26 07:34:04,816 INFO Done loading pretrained weights
2020-05-26 07:34:05,904 INFO data_folder = /home/nallapar/workspace/ex1/seg_data/  
pretrained_model_path = /home/nallapar/workspace/ex1/ckpt_epoch91_loss0.366_miou0.215.pth  
output_root = results  
lr = 0.0001  
bs = 32  
att = additive  
size = 256  
snapshot_freq = 5  
exp_suffix =   
exp_name = lr0.0001_bs32_attadditive  
output_folder = results/dt_attseg/lr0.0001_bs32_attadditive  
model_folder = results/dt_attseg/lr0.0001_bs32_attadditive/models  
logs_folder = results/dt_attseg/lr0.0001_bs32_attadditive/logs
2020-05-26 07:34:05,904 INFO train_data 15177
2020-05-26 07:34:05,904 INFO val_data 3000
2020-05-26 07:34:05,904 INFO Epoch 0
2020-05-26 07:34:05,904 INFO Training
2020-05-26 07:38:12,401 INFO batch time: 0.52 total time: 246.50
2020-05-26 07:38:12,408 INFO Validating Epoch 0
2020-05-26 07:40:04,686 INFO Epoch 0 Avg loss = 0.1581 mIoU = 0.0000 Time 112.28
2020-05-26 07:40:05,572 INFO Epoch 1
2020-05-26 07:40:05,572 INFO Training
2020-05-26 07:44:13,343 INFO batch time: 0.52 total time: 247.77
2020-05-26 07:44:13,344 INFO Validating Epoch 1
2020-05-26 07:46:05,311 INFO Epoch 1 Avg loss = 0.1504 mIoU = 0.0000 Time 111.97
2020-05-26 07:46:06,216 INFO Epoch 2
2020-05-26 07:46:06,217 INFO Training
2020-05-26 07:50:14,289 INFO batch time: 0.52 total time: 248.07
2020-05-26 07:50:14,290 INFO Validating Epoch 2
2020-05-26 07:52:06,351 INFO Epoch 2 Avg loss = 0.1481 mIoU = 0.0000 Time 112.06
2020-05-26 07:52:07,239 INFO Epoch 3
2020-05-26 07:52:07,239 INFO Training
2020-05-26 07:56:15,386 INFO batch time: 0.52 total time: 248.15
2020-05-26 07:56:15,387 INFO Validating Epoch 3
2020-05-26 07:58:07,465 INFO Epoch 3 Avg loss = 0.1467 mIoU = 0.0000 Time 112.08
2020-05-26 07:58:08,358 INFO Epoch 4
2020-05-26 07:58:08,358 INFO Training
2020-05-26 08:02:15,435 INFO batch time: 0.52 total time: 247.08
2020-05-26 08:02:15,436 INFO Validating Epoch 4
2020-05-26 08:04:07,300 INFO Epoch 4 Avg loss = 0.1451 mIoU = 0.0000 Time 111.86
2020-05-26 08:04:08,184 INFO Epoch 5
2020-05-26 08:04:08,184 INFO Training
2020-05-26 08:08:16,192 INFO batch time: 0.52 total time: 248.01
2020-05-26 08:08:16,193 INFO Validating Epoch 5
2020-05-26 08:10:08,280 INFO Epoch 5 Avg loss = 0.1448 mIoU = 0.0000 Time 112.09
2020-05-26 08:10:08,281 INFO Epoch 6
2020-05-26 08:10:08,281 INFO Training
2020-05-26 08:14:16,383 INFO batch time: 0.52 total time: 248.10
2020-05-26 08:14:16,384 INFO Validating Epoch 6
2020-05-26 08:16:08,534 INFO Epoch 6 Avg loss = 0.1433 mIoU = 0.0001 Time 112.15
2020-05-26 08:16:09,485 INFO Epoch 7
2020-05-26 08:16:09,485 INFO Training
2020-05-26 08:20:17,574 INFO batch time: 0.52 total time: 248.09
2020-05-26 08:20:17,575 INFO Validating Epoch 7
2020-05-26 08:22:09,602 INFO Epoch 7 Avg loss = 0.1436 mIoU = 0.0001 Time 112.03
2020-05-26 08:22:10,504 INFO Epoch 8
2020-05-26 08:22:10,504 INFO Training
2020-05-26 08:26:17,712 INFO batch time: 0.52 total time: 247.21
2020-05-26 08:26:17,713 INFO Validating Epoch 8
2020-05-26 08:28:09,535 INFO Epoch 8 Avg loss = 0.1438 mIoU = 0.0001 Time 111.82
2020-05-26 08:28:10,422 INFO Epoch 9
2020-05-26 08:28:10,422 INFO Training
2020-05-26 08:32:18,406 INFO batch time: 0.52 total time: 247.98
2020-05-26 08:32:18,407 INFO Validating Epoch 9
2020-05-26 08:34:10,476 INFO Epoch 9 Avg loss = 0.1427 mIoU = 0.0001 Time 112.07
2020-05-26 08:34:10,477 INFO Epoch 10
2020-05-26 08:34:10,477 INFO Training
2020-05-26 08:38:18,526 INFO batch time: 0.52 total time: 248.05
2020-05-26 08:38:18,527 INFO Validating Epoch 10
2020-05-26 08:40:10,584 INFO Epoch 10 Avg loss = 0.1432 mIoU = 0.0001 Time 112.06
2020-05-26 08:40:11,484 INFO Epoch 11
2020-05-26 08:40:11,484 INFO Training
2020-05-26 08:44:19,247 INFO batch time: 0.52 total time: 247.76
2020-05-26 08:44:19,248 INFO Validating Epoch 11
2020-05-26 08:46:11,347 INFO Epoch 11 Avg loss = 0.1418 mIoU = 0.0001 Time 112.10
2020-05-26 08:46:12,245 INFO Epoch 12
2020-05-26 08:46:12,245 INFO Training
2020-05-26 08:50:20,054 INFO batch time: 0.52 total time: 247.81
2020-05-26 08:50:20,055 INFO Validating Epoch 12
2020-05-26 08:52:12,171 INFO Epoch 12 Avg loss = 0.1408 mIoU = 0.0002 Time 112.12
2020-05-26 08:52:13,016 INFO Epoch 13
2020-05-26 08:52:13,016 INFO Training
2020-05-26 08:56:20,923 INFO batch time: 0.52 total time: 247.91
2020-05-26 08:56:20,925 INFO Validating Epoch 13
2020-05-26 08:58:12,978 INFO Epoch 13 Avg loss = 0.1399 mIoU = 0.0002 Time 112.05
2020-05-26 08:58:13,887 INFO Epoch 14
2020-05-26 08:58:13,887 INFO Training
2020-05-26 09:02:21,873 INFO batch time: 0.52 total time: 247.99
2020-05-26 09:02:21,874 INFO Validating Epoch 14
2020-05-26 09:04:13,966 INFO Epoch 14 Avg loss = 0.1447 mIoU = 0.0006 Time 112.09
2020-05-26 09:04:14,890 INFO Epoch 15
2020-05-26 09:04:14,890 INFO Training
2020-05-26 09:08:22,941 INFO batch time: 0.52 total time: 248.05
2020-05-26 09:08:22,942 INFO Validating Epoch 15
2020-05-26 09:10:15,018 INFO Epoch 15 Avg loss = 0.1410 mIoU = 0.0005 Time 112.07
2020-05-26 09:10:15,018 INFO Epoch 16
2020-05-26 09:10:15,019 INFO Training
2020-05-26 09:14:23,050 INFO batch time: 0.52 total time: 248.03
2020-05-26 09:14:23,052 INFO Validating Epoch 16
2020-05-26 09:16:15,192 INFO Epoch 16 Avg loss = 0.1406 mIoU = 0.0005 Time 112.14
2020-05-26 09:16:15,192 INFO Epoch 17
2020-05-26 09:16:15,192 INFO Training
2020-05-26 09:20:23,069 INFO batch time: 0.52 total time: 247.88
2020-05-26 09:20:23,070 INFO Validating Epoch 17
2020-05-26 09:22:15,139 INFO Epoch 17 Avg loss = 0.1408 mIoU = 0.0009 Time 112.07
2020-05-26 09:22:16,037 INFO Epoch 18
2020-05-26 09:22:16,037 INFO Training
2020-05-26 09:26:24,323 INFO batch time: 0.52 total time: 248.29
2020-05-26 09:26:24,330 INFO Validating Epoch 18
2020-05-26 09:28:16,395 INFO Epoch 18 Avg loss = 0.1388 mIoU = 0.0006 Time 112.06
2020-05-26 09:28:16,396 INFO Epoch 19
2020-05-26 09:28:16,396 INFO Training
2020-05-26 09:32:24,455 INFO batch time: 0.52 total time: 248.06
2020-05-26 09:32:24,457 INFO Validating Epoch 19
2020-05-26 09:34:16,569 INFO Epoch 19 Avg loss = 0.1403 mIoU = 0.0008 Time 112.11
2020-05-26 09:34:16,576 INFO Epoch 20
2020-05-26 09:34:16,576 INFO Training
2020-05-26 09:38:25,413 INFO batch time: 0.52 total time: 248.84
2020-05-26 09:38:25,414 INFO Validating Epoch 20
2020-05-26 09:40:17,607 INFO Epoch 20 Avg loss = 0.1386 mIoU = 0.0007 Time 112.19
2020-05-26 09:40:17,608 INFO Epoch 21
2020-05-26 09:40:17,608 INFO Training
2020-05-26 09:44:25,491 INFO batch time: 0.52 total time: 247.88
2020-05-26 09:44:25,492 INFO Validating Epoch 21
2020-05-26 09:46:17,677 INFO Epoch 21 Avg loss = 0.1409 mIoU = 0.0015 Time 112.18
2020-05-26 09:46:18,619 INFO Epoch 22
2020-05-26 09:46:18,620 INFO Training
2020-05-26 09:50:26,612 INFO batch time: 0.52 total time: 247.99
2020-05-26 09:50:26,612 INFO Validating Epoch 22
2020-05-26 09:52:18,829 INFO Epoch 22 Avg loss = 0.1384 mIoU = 0.0012 Time 112.22
2020-05-26 09:52:18,830 INFO Epoch 23
2020-05-26 09:52:18,830 INFO Training
2020-05-26 09:56:26,762 INFO batch time: 0.52 total time: 247.93
2020-05-26 09:56:26,763 INFO Validating Epoch 23
2020-05-26 09:58:19,064 INFO Epoch 23 Avg loss = 0.1406 mIoU = 0.0017 Time 112.30
2020-05-26 09:58:19,988 INFO Epoch 24
2020-05-26 09:58:19,988 INFO Training
2020-05-26 10:02:28,019 INFO batch time: 0.52 total time: 248.03
2020-05-26 10:02:28,020 INFO Validating Epoch 24
2020-05-26 10:04:20,417 INFO Epoch 24 Avg loss = 0.1378 mIoU = 0.0014 Time 112.40
2020-05-26 10:04:20,417 INFO Epoch 25
2020-05-26 10:04:20,417 INFO Training
2020-05-26 10:08:35,958 INFO batch time: 0.54 total time: 255.54
2020-05-26 10:08:35,959 INFO Validating Epoch 25
2020-05-26 10:10:28,292 INFO Epoch 25 Avg loss = 0.1384 mIoU = 0.0015 Time 112.33
2020-05-26 10:10:28,293 INFO Epoch 26
2020-05-26 10:10:28,293 INFO Training
2020-05-26 10:14:36,851 INFO batch time: 0.52 total time: 248.56
2020-05-26 10:14:36,852 INFO Validating Epoch 26
2020-05-26 10:16:29,161 INFO Epoch 26 Avg loss = 0.1379 mIoU = 0.0015 Time 112.31
2020-05-26 10:16:29,162 INFO Epoch 27
2020-05-26 10:16:29,162 INFO Training
2020-05-26 10:20:37,034 INFO batch time: 0.52 total time: 247.87
2020-05-26 10:20:37,035 INFO Validating Epoch 27
2020-05-26 10:22:29,328 INFO Epoch 27 Avg loss = 0.1409 mIoU = 0.0023 Time 112.29
2020-05-26 10:22:30,239 INFO Epoch 28
2020-05-26 10:22:30,239 INFO Training
2020-05-26 10:26:38,076 INFO batch time: 0.52 total time: 247.84
2020-05-26 10:26:38,076 INFO Validating Epoch 28
2020-05-26 10:28:30,946 INFO Epoch 28 Avg loss = 0.1397 mIoU = 0.0018 Time 112.87
2020-05-26 10:28:30,947 INFO Epoch 29
2020-05-26 10:28:30,947 INFO Training
2020-05-26 10:32:39,456 INFO batch time: 0.52 total time: 248.51
2020-05-26 10:32:39,457 INFO Validating Epoch 29
2020-05-26 10:34:32,350 INFO Epoch 29 Avg loss = 0.1371 mIoU = 0.0015 Time 112.89
2020-05-26 10:34:32,351 INFO Epoch 30
2020-05-26 10:34:32,351 INFO Training
2020-05-26 10:38:40,271 INFO batch time: 0.52 total time: 247.92
2020-05-26 10:38:40,272 INFO Validating Epoch 30
2020-05-26 10:40:33,382 INFO Epoch 30 Avg loss = 0.1407 mIoU = 0.0030 Time 113.11
2020-05-26 10:40:34,309 INFO Epoch 31
2020-05-26 10:40:34,309 INFO Training
2020-05-26 10:44:41,725 INFO batch time: 0.52 total time: 247.42
2020-05-26 10:44:41,726 INFO Validating Epoch 31
2020-05-26 10:46:34,041 INFO Epoch 31 Avg loss = 0.1383 mIoU = 0.0023 Time 112.31
2020-05-26 10:46:34,042 INFO Epoch 32
2020-05-26 10:46:34,042 INFO Training
2020-05-26 10:50:42,541 INFO batch time: 0.52 total time: 248.50
2020-05-26 10:50:42,542 INFO Validating Epoch 32
2020-05-26 10:52:35,233 INFO Epoch 32 Avg loss = 0.1372 mIoU = 0.0024 Time 112.69
2020-05-26 10:52:35,234 INFO Epoch 33
2020-05-26 10:52:35,234 INFO Training
2020-05-26 10:56:43,603 INFO batch time: 0.52 total time: 248.37
2020-05-26 10:56:43,604 INFO Validating Epoch 33
2020-05-26 10:58:36,470 INFO Epoch 33 Avg loss = 0.1378 mIoU = 0.0027 Time 112.87
2020-05-26 10:58:36,471 INFO Epoch 34
2020-05-26 10:58:36,471 INFO Training
2020-05-26 11:02:44,886 INFO batch time: 0.52 total time: 248.41
2020-05-26 11:02:44,887 INFO Validating Epoch 34
2020-05-26 11:04:37,598 INFO Epoch 34 Avg loss = 0.1374 mIoU = 0.0029 Time 112.71
2020-05-26 11:04:37,599 INFO Epoch 35
2020-05-26 11:04:37,599 INFO Training
2020-05-26 11:08:46,099 INFO batch time: 0.52 total time: 248.50
2020-05-26 11:08:46,100 INFO Validating Epoch 35
2020-05-26 11:10:38,901 INFO Epoch 35 Avg loss = 0.1370 mIoU = 0.0026 Time 112.80
2020-05-26 11:10:38,902 INFO Epoch 36
2020-05-26 11:10:38,902 INFO Training
2020-05-26 11:14:47,417 INFO batch time: 0.52 total time: 248.51
2020-05-26 11:14:47,417 INFO Validating Epoch 36
2020-05-26 11:16:40,478 INFO Epoch 36 Avg loss = 0.1391 mIoU = 0.0043 Time 113.06
2020-05-26 11:16:41,510 INFO Epoch 37
2020-05-26 11:16:41,510 INFO Training
2020-05-26 11:20:49,293 INFO batch time: 0.52 total time: 247.78
2020-05-26 11:20:49,294 INFO Validating Epoch 37
2020-05-26 11:22:41,985 INFO Epoch 37 Avg loss = 0.1407 mIoU = 0.0053 Time 112.69
2020-05-26 11:22:43,181 INFO Epoch 38
2020-05-26 11:22:43,181 INFO Training
2020-05-26 11:26:51,228 INFO batch time: 0.52 total time: 248.05
2020-05-26 11:26:51,229 INFO Validating Epoch 38
2020-05-26 11:28:43,642 INFO Epoch 38 Avg loss = 0.1364 mIoU = 0.0034 Time 112.41
2020-05-26 11:28:43,643 INFO Epoch 39
2020-05-26 11:28:43,643 INFO Training
2020-05-26 11:32:51,951 INFO batch time: 0.52 total time: 248.31
2020-05-26 11:32:51,951 INFO Validating Epoch 39
2020-05-26 11:34:44,564 INFO Epoch 39 Avg loss = 0.1351 mIoU = 0.0029 Time 112.61
2020-05-26 11:34:44,565 INFO Epoch 40
2020-05-26 11:34:44,565 INFO Training
2020-05-26 11:39:00,231 INFO batch time: 0.54 total time: 255.67
2020-05-26 11:39:00,232 INFO Validating Epoch 40
2020-05-26 11:40:52,662 INFO Epoch 40 Avg loss = 0.1368 mIoU = 0.0045 Time 112.43
2020-05-26 11:40:52,663 INFO Epoch 41
2020-05-26 11:40:52,663 INFO Training
2020-05-26 11:45:00,618 INFO batch time: 0.52 total time: 247.96
2020-05-26 11:45:00,619 INFO Validating Epoch 41
2020-05-26 11:46:53,146 INFO Epoch 41 Avg loss = 0.1355 mIoU = 0.0038 Time 112.53
2020-05-26 11:46:53,147 INFO Epoch 42
2020-05-26 11:46:53,147 INFO Training
2020-05-26 11:51:01,137 INFO batch time: 0.52 total time: 247.99
2020-05-26 11:51:01,137 INFO Validating Epoch 42
2020-05-26 11:52:53,521 INFO Epoch 42 Avg loss = 0.1361 mIoU = 0.0045 Time 112.38
2020-05-26 11:52:53,522 INFO Epoch 43
2020-05-26 11:52:53,522 INFO Training
2020-05-26 11:57:01,652 INFO batch time: 0.52 total time: 248.13
2020-05-26 11:57:01,653 INFO Validating Epoch 43
2020-05-26 11:58:54,052 INFO Epoch 43 Avg loss = 0.1359 mIoU = 0.0049 Time 112.40
2020-05-26 11:58:54,053 INFO Epoch 44
2020-05-26 11:58:54,053 INFO Training
2020-05-26 12:03:02,122 INFO batch time: 0.52 total time: 248.07
2020-05-26 12:03:02,123 INFO Validating Epoch 44
2020-05-26 12:04:54,609 INFO Epoch 44 Avg loss = 0.1330 mIoU = 0.0033 Time 112.49
2020-05-26 12:04:54,610 INFO Epoch 45
2020-05-26 12:04:54,610 INFO Training
2020-05-26 12:09:02,751 INFO batch time: 0.52 total time: 248.14
2020-05-26 12:09:02,752 INFO Validating Epoch 45
2020-05-26 12:10:54,912 INFO Epoch 45 Avg loss = 0.1340 mIoU = 0.0036 Time 112.16
2020-05-26 12:10:54,913 INFO Epoch 46
2020-05-26 12:10:54,913 INFO Training
2020-05-26 12:15:02,776 INFO batch time: 0.52 total time: 247.86
2020-05-26 12:15:02,777 INFO Validating Epoch 46
2020-05-26 12:16:55,624 INFO Epoch 46 Avg loss = 0.1339 mIoU = 0.0046 Time 112.85
2020-05-26 12:16:55,625 INFO Epoch 47
2020-05-26 12:16:55,625 INFO Training
2020-05-26 12:21:03,751 INFO batch time: 0.52 total time: 248.13
2020-05-26 12:21:03,752 INFO Validating Epoch 47
2020-05-26 12:22:56,732 INFO Epoch 47 Avg loss = 0.1335 mIoU = 0.0045 Time 112.98
2020-05-26 12:22:56,733 INFO Epoch 48
2020-05-26 12:22:56,733 INFO Training
2020-05-26 12:27:04,905 INFO batch time: 0.52 total time: 248.17
2020-05-26 12:27:04,911 INFO Validating Epoch 48
2020-05-26 12:28:57,654 INFO Epoch 48 Avg loss = 0.1329 mIoU = 0.0042 Time 112.74
2020-05-26 12:28:57,655 INFO Epoch 49
2020-05-26 12:28:57,655 INFO Training
2020-05-26 12:33:12,772 INFO batch time: 0.54 total time: 255.12
2020-05-26 12:33:12,780 INFO Validating Epoch 49
2020-05-26 12:35:04,975 INFO Epoch 49 Avg loss = 0.1336 mIoU = 0.0050 Time 112.19
2020-05-26 12:35:04,976 INFO Epoch 50
2020-05-26 12:35:04,976 INFO Training
2020-05-26 12:39:13,120 INFO batch time: 0.52 total time: 248.14
2020-05-26 12:39:13,121 INFO Validating Epoch 50
2020-05-26 12:41:05,393 INFO Epoch 50 Avg loss = 0.1324 mIoU = 0.0042 Time 112.27
2020-05-26 12:41:05,394 INFO Epoch 51
2020-05-26 12:41:05,394 INFO Training
2020-05-26 12:45:13,533 INFO batch time: 0.52 total time: 248.14
2020-05-26 12:45:13,534 INFO Validating Epoch 51
2020-05-26 12:47:05,889 INFO Epoch 51 Avg loss = 0.1323 mIoU = 0.0046 Time 112.35
2020-05-26 12:47:05,890 INFO Epoch 52
2020-05-26 12:47:05,890 INFO Training
2020-05-26 12:51:13,820 INFO batch time: 0.52 total time: 247.93
2020-05-26 12:51:13,821 INFO Validating Epoch 52
2020-05-26 12:53:06,310 INFO Epoch 52 Avg loss = 0.1314 mIoU = 0.0052 Time 112.49
2020-05-26 12:53:06,311 INFO Epoch 53
2020-05-26 12:53:06,311 INFO Training
2020-05-26 12:57:14,320 INFO batch time: 0.52 total time: 248.01
2020-05-26 12:57:14,725 INFO Validating Epoch 53
2020-05-26 12:59:06,856 INFO Epoch 53 Avg loss = 0.1321 mIoU = 0.0069 Time 112.13
2020-05-26 12:59:07,762 INFO Epoch 54
2020-05-26 12:59:07,763 INFO Training
2020-05-26 13:03:15,660 INFO batch time: 0.52 total time: 247.90
2020-05-26 13:03:15,661 INFO Validating Epoch 54
2020-05-26 13:05:08,344 INFO Epoch 54 Avg loss = 0.1295 mIoU = 0.0034 Time 112.68
2020-05-26 13:05:08,345 INFO Epoch 55
2020-05-26 13:05:08,345 INFO Training
2020-05-26 13:09:16,947 INFO batch time: 0.52 total time: 248.60
2020-05-26 13:09:16,951 INFO Validating Epoch 55
2020-05-26 13:11:09,575 INFO Epoch 55 Avg loss = 0.1281 mIoU = 0.0036 Time 112.62
2020-05-26 13:11:09,576 INFO Epoch 56
2020-05-26 13:11:09,576 INFO Training
2020-05-26 13:15:17,791 INFO batch time: 0.52 total time: 248.21
2020-05-26 13:15:17,791 INFO Validating Epoch 56
2020-05-26 13:17:10,143 INFO Epoch 56 Avg loss = 0.1292 mIoU = 0.0039 Time 112.35
2020-05-26 13:17:10,144 INFO Epoch 57
2020-05-26 13:17:10,144 INFO Training
2020-05-26 13:21:18,382 INFO batch time: 0.52 total time: 248.24
2020-05-26 13:21:18,383 INFO Validating Epoch 57
2020-05-26 13:23:10,942 INFO Epoch 57 Avg loss = 0.1288 mIoU = 0.0057 Time 112.56
2020-05-26 13:23:10,943 INFO Epoch 58
2020-05-26 13:23:10,943 INFO Training
2020-05-26 13:27:19,037 INFO batch time: 0.52 total time: 248.09
2020-05-26 13:27:19,038 INFO Validating Epoch 58
2020-05-26 13:29:11,540 INFO Epoch 58 Avg loss = 0.1285 mIoU = 0.0056 Time 112.50
2020-05-26 13:29:11,541 INFO Epoch 59
2020-05-26 13:29:11,541 INFO Training
2020-05-26 13:33:19,812 INFO batch time: 0.52 total time: 248.27
2020-05-26 13:33:19,813 INFO Validating Epoch 59
2020-05-26 13:35:11,825 INFO Epoch 59 Avg loss = 0.1291 mIoU = 0.0061 Time 112.01
2020-05-26 13:35:11,826 INFO Epoch 60
2020-05-26 13:35:11,826 INFO Training
2020-05-26 13:39:20,261 INFO batch time: 0.52 total time: 248.43
2020-05-26 13:39:20,262 INFO Validating Epoch 60
2020-05-26 13:41:12,760 INFO Epoch 60 Avg loss = 0.1294 mIoU = 0.0064 Time 112.50
2020-05-26 13:41:12,761 INFO Epoch 61
2020-05-26 13:41:12,761 INFO Training
2020-05-26 13:45:21,065 INFO batch time: 0.52 total time: 248.30
2020-05-26 13:45:21,067 INFO Validating Epoch 61
2020-05-26 13:47:13,762 INFO Epoch 61 Avg loss = 0.1284 mIoU = 0.0068 Time 112.69
2020-05-26 13:47:13,763 INFO Epoch 62
2020-05-26 13:47:13,763 INFO Training
2020-05-26 13:51:21,819 INFO batch time: 0.52 total time: 248.06
2020-05-26 13:51:21,820 INFO Validating Epoch 62
2020-05-26 13:53:14,120 INFO Epoch 62 Avg loss = 0.1293 mIoU = 0.0070 Time 112.30
2020-05-26 13:53:15,003 INFO Epoch 63
2020-05-26 13:53:15,003 INFO Training
2020-05-26 13:57:23,208 INFO batch time: 0.52 total time: 248.20
2020-05-26 13:57:23,209 INFO Validating Epoch 63
2020-05-26 13:59:15,320 INFO Epoch 63 Avg loss = 0.1282 mIoU = 0.0071 Time 112.11
2020-05-26 13:59:16,220 INFO Epoch 64
2020-05-26 13:59:16,220 INFO Training
2020-05-26 14:03:24,305 INFO batch time: 0.52 total time: 248.09
2020-05-26 14:03:24,306 INFO Validating Epoch 64
2020-05-26 14:05:16,847 INFO Epoch 64 Avg loss = 0.1275 mIoU = 0.0057 Time 112.54
2020-05-26 14:05:16,848 INFO Epoch 65
2020-05-26 14:05:16,848 INFO Training
2020-05-26 14:09:25,146 INFO batch time: 0.52 total time: 248.30
2020-05-26 14:09:25,147 INFO Validating Epoch 65
2020-05-26 14:11:17,412 INFO Epoch 65 Avg loss = 0.1266 mIoU = 0.0052 Time 112.26
2020-05-26 14:11:17,413 INFO Epoch 66
2020-05-26 14:11:17,413 INFO Training
2020-05-26 14:15:25,686 INFO batch time: 0.52 total time: 248.27
2020-05-26 14:15:25,687 INFO Validating Epoch 66
2020-05-26 14:17:17,865 INFO Epoch 66 Avg loss = 0.1276 mIoU = 0.0070 Time 112.18
2020-05-26 14:17:17,866 INFO Epoch 67
2020-05-26 14:17:17,866 INFO Training
2020-05-26 14:21:26,014 INFO batch time: 0.52 total time: 248.15
2020-05-26 14:21:26,015 INFO Validating Epoch 67
2020-05-26 14:23:18,218 INFO Epoch 67 Avg loss = 0.1273 mIoU = 0.0081 Time 112.20
2020-05-26 14:23:19,117 INFO Epoch 68
2020-05-26 14:23:19,117 INFO Training
2020-05-26 14:27:27,024 INFO batch time: 0.52 total time: 247.91
2020-05-26 14:27:27,024 INFO Validating Epoch 68
2020-05-26 14:29:19,209 INFO Epoch 68 Avg loss = 0.1256 mIoU = 0.0057 Time 112.18
2020-05-26 14:29:19,209 INFO Epoch 69
2020-05-26 14:29:19,209 INFO Training
2020-05-26 14:33:27,413 INFO batch time: 0.52 total time: 248.20
2020-05-26 14:33:27,415 INFO Validating Epoch 69
2020-05-26 14:35:20,084 INFO Epoch 69 Avg loss = 0.1275 mIoU = 0.0083 Time 112.67
2020-05-26 14:35:21,063 INFO Epoch 70
2020-05-26 14:35:21,064 INFO Training
2020-05-26 14:39:29,110 INFO batch time: 0.52 total time: 248.05
2020-05-26 14:39:29,111 INFO Validating Epoch 70
2020-05-26 14:41:21,698 INFO Epoch 70 Avg loss = 0.1280 mIoU = 0.0084 Time 112.59
2020-05-26 14:41:22,577 INFO Epoch 71
2020-05-26 14:41:22,577 INFO Training
2020-05-26 14:45:30,689 INFO batch time: 0.52 total time: 248.11
2020-05-26 14:45:30,690 INFO Validating Epoch 71
2020-05-26 14:47:23,264 INFO Epoch 71 Avg loss = 0.1258 mIoU = 0.0051 Time 112.57
2020-05-26 14:47:23,265 INFO Epoch 72
2020-05-26 14:47:23,265 INFO Training
2020-05-26 14:51:31,807 INFO batch time: 0.52 total time: 248.54
2020-05-26 14:51:31,808 INFO Validating Epoch 72
2020-05-26 14:53:24,611 INFO Epoch 72 Avg loss = 0.1275 mIoU = 0.0082 Time 112.80
2020-05-26 14:53:24,611 INFO Epoch 73
2020-05-26 14:53:24,611 INFO Training
2020-05-26 14:57:33,142 INFO batch time: 0.52 total time: 248.53
2020-05-26 14:57:33,143 INFO Validating Epoch 73
2020-05-26 14:59:25,839 INFO Epoch 73 Avg loss = 0.1277 mIoU = 0.0073 Time 112.70
2020-05-26 14:59:25,840 INFO Epoch 74
2020-05-26 14:59:25,840 INFO Training
2020-05-26 15:03:34,237 INFO batch time: 0.52 total time: 248.40
2020-05-26 15:03:34,238 INFO Validating Epoch 74
2020-05-26 15:05:26,803 INFO Epoch 74 Avg loss = 0.1265 mIoU = 0.0065 Time 112.56
2020-05-26 15:05:26,804 INFO Epoch 75
2020-05-26 15:05:26,804 INFO Training
2020-05-26 15:09:34,915 INFO batch time: 0.52 total time: 248.11
2020-05-26 15:09:34,916 INFO Validating Epoch 75
2020-05-26 15:11:27,468 INFO Epoch 75 Avg loss = 0.1268 mIoU = 0.0087 Time 112.55
2020-05-26 15:11:28,402 INFO Epoch 76
2020-05-26 15:11:28,402 INFO Training
2020-05-26 15:15:36,506 INFO batch time: 0.52 total time: 248.10
2020-05-26 15:15:36,507 INFO Validating Epoch 76
2020-05-26 15:17:37,959 INFO Epoch 76 Avg loss = 0.1244 mIoU = 0.0067 Time 121.45
2020-05-26 15:17:37,959 INFO Epoch 77
2020-05-26 15:17:37,959 INFO Training
2020-05-26 15:21:47,900 INFO batch time: 0.53 total time: 249.94
2020-05-26 15:21:47,901 INFO Validating Epoch 77
2020-05-26 15:23:40,555 INFO Epoch 77 Avg loss = 0.1249 mIoU = 0.0074 Time 112.65
2020-05-26 15:23:40,556 INFO Epoch 78
2020-05-26 15:23:40,556 INFO Training
2020-05-26 15:27:48,581 INFO batch time: 0.52 total time: 248.02
2020-05-26 15:27:48,582 INFO Validating Epoch 78
2020-05-26 15:29:41,195 INFO Epoch 78 Avg loss = 0.1264 mIoU = 0.0091 Time 112.61
2020-05-26 15:29:42,057 INFO Epoch 79
2020-05-26 15:29:42,057 INFO Training
2020-05-26 15:33:50,194 INFO batch time: 0.52 total time: 248.14
2020-05-26 15:33:50,195 INFO Validating Epoch 79
2020-05-26 15:35:43,109 INFO Epoch 79 Avg loss = 0.1252 mIoU = 0.0093 Time 112.91
2020-05-26 15:35:44,866 INFO Epoch 80
2020-05-26 15:35:44,866 INFO Training
2020-05-26 15:39:53,595 INFO batch time: 0.52 total time: 248.73
2020-05-26 15:39:53,596 INFO Validating Epoch 80
2020-05-26 15:41:46,374 INFO Epoch 80 Avg loss = 0.1250 mIoU = 0.0108 Time 112.78
2020-05-26 15:41:47,293 INFO Epoch 81
2020-05-26 15:41:47,293 INFO Training
2020-05-26 15:45:55,585 INFO batch time: 0.52 total time: 248.29
2020-05-26 15:45:55,586 INFO Validating Epoch 81
2020-05-26 15:47:48,642 INFO Epoch 81 Avg loss = 0.1252 mIoU = 0.0086 Time 113.06
2020-05-26 15:47:48,643 INFO Epoch 82
2020-05-26 15:47:48,643 INFO Training
2020-05-26 15:51:57,548 INFO batch time: 0.53 total time: 248.90
2020-05-26 15:51:57,549 INFO Validating Epoch 82
2020-05-26 15:53:50,238 INFO Epoch 82 Avg loss = 0.1246 mIoU = 0.0078 Time 112.69
2020-05-26 15:53:50,238 INFO Epoch 83
2020-05-26 15:53:50,239 INFO Training
2020-05-26 15:57:58,582 INFO batch time: 0.52 total time: 248.34
2020-05-26 15:57:58,583 INFO Validating Epoch 83
2020-05-26 15:59:51,424 INFO Epoch 83 Avg loss = 0.1234 mIoU = 0.0077 Time 112.84
2020-05-26 15:59:51,425 INFO Epoch 84
2020-05-26 15:59:51,425 INFO Training
2020-05-26 16:03:59,524 INFO batch time: 0.52 total time: 248.10
2020-05-26 16:03:59,524 INFO Validating Epoch 84
2020-05-26 16:05:51,813 INFO Epoch 84 Avg loss = 0.1246 mIoU = 0.0080 Time 112.29
2020-05-26 16:05:51,814 INFO Epoch 85
2020-05-26 16:05:51,814 INFO Training
2020-05-26 16:10:00,118 INFO batch time: 0.52 total time: 248.30
2020-05-26 16:10:00,119 INFO Validating Epoch 85
2020-05-26 16:11:52,381 INFO Epoch 85 Avg loss = 0.1234 mIoU = 0.0073 Time 112.26
2020-05-26 16:11:52,382 INFO Epoch 86
2020-05-26 16:11:52,382 INFO Training
2020-05-26 16:16:00,618 INFO batch time: 0.52 total time: 248.24
2020-05-26 16:16:00,619 INFO Validating Epoch 86
2020-05-26 16:17:53,264 INFO Epoch 86 Avg loss = 0.1256 mIoU = 0.0102 Time 112.64
2020-05-26 16:17:53,265 INFO Epoch 87
2020-05-26 16:17:53,265 INFO Training
2020-05-26 16:22:01,293 INFO batch time: 0.52 total time: 248.03
2020-05-26 16:22:01,294 INFO Validating Epoch 87
2020-05-26 16:23:54,364 INFO Epoch 87 Avg loss = 0.1242 mIoU = 0.0098 Time 113.07
2020-05-26 16:23:54,365 INFO Epoch 88
2020-05-26 16:23:54,365 INFO Training
2020-05-26 16:28:02,705 INFO batch time: 0.52 total time: 248.34
2020-05-26 16:28:02,706 INFO Validating Epoch 88
2020-05-26 16:29:55,757 INFO Epoch 88 Avg loss = 0.1225 mIoU = 0.0069 Time 113.05
2020-05-26 16:29:55,758 INFO Epoch 89
2020-05-26 16:29:55,758 INFO Training
2020-05-26 16:34:04,115 INFO batch time: 0.52 total time: 248.36
2020-05-26 16:34:04,116 INFO Validating Epoch 89
2020-05-26 16:35:56,960 INFO Epoch 89 Avg loss = 0.1232 mIoU = 0.0088 Time 112.84
2020-05-26 16:35:56,961 INFO Epoch 90
2020-05-26 16:35:56,961 INFO Training
2020-05-26 16:40:18,016 INFO batch time: 0.55 total time: 261.05
2020-05-26 16:40:18,017 INFO Validating Epoch 90
2020-05-26 16:42:11,248 INFO Epoch 90 Avg loss = 0.1246 mIoU = 0.0126 Time 113.23
2020-05-26 16:42:12,301 INFO Epoch 91
2020-05-26 16:42:12,301 INFO Training
2020-05-26 16:46:20,481 INFO batch time: 0.52 total time: 248.18
2020-05-26 16:46:20,482 INFO Validating Epoch 91
2020-05-26 16:48:13,314 INFO Epoch 91 Avg loss = 0.1234 mIoU = 0.0096 Time 112.83
2020-05-26 16:48:13,315 INFO Epoch 92
2020-05-26 16:48:13,315 INFO Training
2020-05-26 16:52:22,183 INFO batch time: 0.52 total time: 248.87
2020-05-26 16:52:22,184 INFO Validating Epoch 92
2020-05-26 16:54:14,864 INFO Epoch 92 Avg loss = 0.1228 mIoU = 0.0106 Time 112.68
2020-05-26 16:54:14,865 INFO Epoch 93
2020-05-26 16:54:14,865 INFO Training
2020-05-26 16:58:23,104 INFO batch time: 0.52 total time: 248.24
2020-05-26 16:58:23,106 INFO Validating Epoch 93
2020-05-26 17:00:15,505 INFO Epoch 93 Avg loss = 0.1242 mIoU = 0.0120 Time 112.40
2020-05-26 17:00:15,505 INFO Epoch 94
2020-05-26 17:00:15,506 INFO Training
2020-05-26 17:04:24,009 INFO batch time: 0.52 total time: 248.50
2020-05-26 17:04:24,011 INFO Validating Epoch 94
2020-05-26 17:06:16,669 INFO Epoch 94 Avg loss = 0.1223 mIoU = 0.0089 Time 112.66
2020-05-26 17:06:16,670 INFO Epoch 95
2020-05-26 17:06:16,670 INFO Training
2020-05-26 17:10:24,755 INFO batch time: 0.52 total time: 248.09
2020-05-26 17:10:24,756 INFO Validating Epoch 95
2020-05-26 17:12:17,135 INFO Epoch 95 Avg loss = 0.1224 mIoU = 0.0096 Time 112.38
2020-05-26 17:12:17,136 INFO Epoch 96
2020-05-26 17:12:17,136 INFO Training
2020-05-26 17:16:25,409 INFO batch time: 0.52 total time: 248.27
2020-05-26 17:16:25,410 INFO Validating Epoch 96
2020-05-26 17:18:18,002 INFO Epoch 96 Avg loss = 0.1243 mIoU = 0.0104 Time 112.59
2020-05-26 17:18:18,003 INFO Epoch 97
2020-05-26 17:18:18,003 INFO Training
2020-05-26 17:22:26,389 INFO batch time: 0.52 total time: 248.39
2020-05-26 17:22:26,390 INFO Validating Epoch 97
2020-05-26 17:24:19,262 INFO Epoch 97 Avg loss = 0.1218 mIoU = 0.0089 Time 112.87
2020-05-26 17:24:19,262 INFO Epoch 98
2020-05-26 17:24:19,263 INFO Training
2020-05-26 17:28:27,490 INFO batch time: 0.52 total time: 248.23
2020-05-26 17:28:27,491 INFO Validating Epoch 98
2020-05-26 17:30:20,539 INFO Epoch 98 Avg loss = 0.1226 mIoU = 0.0084 Time 113.05
2020-05-26 17:30:20,540 INFO Epoch 99
2020-05-26 17:30:20,540 INFO Training
2020-05-26 17:34:28,932 INFO batch time: 0.52 total time: 248.39
2020-05-26 17:34:28,934 INFO Validating Epoch 99
2020-05-26 17:36:22,083 INFO Epoch 99 Avg loss = 0.1237 mIoU = 0.0105 Time 113.15
